<?xml version="1.0" encoding="UTF-8"?>
<testng-results ignored="0" total="1" passed="1" failed="0" skipped="0">
  <reporter-output>
  </reporter-output>
  <suite started-at="2025-06-26T15:40:18 IST" name="Default suite" finished-at="2025-06-26T15:40:30 IST" duration-ms="11888">
    <groups>
    </groups>
    <test started-at="2025-06-26T15:40:18 IST" name="Default test" finished-at="2025-06-26T15:40:30 IST" duration-ms="11888">
      <class name="testPackage.Test1">
        <test-method signature="a()[pri:0, instance:testPackage.Test1@459e9125]" started-at="2025-06-26T15:40:18 IST" name="a" finished-at="2025-06-26T15:40:30 IST" duration-ms="11837" status="PASS">
          <reporter-output>
          </reporter-output>
        </test-method> <!-- a -->
      </class> <!-- testPackage.Test1 -->
    </test> <!-- Default test -->
  </suite> <!-- Default suite -->
</testng-results>
